<?xml version="1.0" encoding="UTF-8"?>
<!-- Generated by org.testng.reporters.JUnitReportReporter -->
<testsuite hostname="LAPTOP-1E5OSFLE" name="com.retail.WalmartAutomation.LoginWithInvalidDataTest" tests="1" failures="0" timestamp="2 Mar 2021 03:08:21 GMT" time="37.755" errors="0">
  <testcase name="invalidDataLogin" time="37.755" classname="com.retail.WalmartAutomation.LoginWithInvalidDataTest"/>
</testsuite> <!-- com.retail.WalmartAutomation.LoginWithInvalidDataTest -->
