<?xml version="1.0" encoding="UTF-8"?>
<!-- Generated by org.testng.reporters.JUnitReportReporter -->
<testsuite hostname="LAPTOP-1E5OSFLE" name="com.retail.WalmartAutomation.LoginWithValidDataTest" tests="1" failures="0" timestamp="6 Mar 2021 07:40:31 GMT" time="42.585" errors="0">
  <testcase name="loginValidData" time="42.585" classname="com.retail.WalmartAutomation.LoginWithValidDataTest"/>
</testsuite> <!-- com.retail.WalmartAutomation.LoginWithValidDataTest -->
