<?xml version="1.0" encoding="UTF-8"?>
<!-- Generated by org.testng.reporters.JUnitReportReporter -->
<testsuite hostname="LAPTOP-1E5OSFLE" name="com.retail.WalmartAutomation.LoginWithValidData" tests="1" failures="0" timestamp="23 Feb 2021 02:50:47 GMT" time="35.707" errors="0">
  <testcase name="loginValidData" time="35.707" classname="com.retail.WalmartAutomation.LoginWithValidData"/>
</testsuite> <!-- com.retail.WalmartAutomation.LoginWithValidData -->
