<?xml version="1.0" encoding="UTF-8"?>
<!-- Generated by org.testng.reporters.JUnitReportReporter -->
<testsuite hostname="LAPTOP-1E5OSFLE" name="com.retail.WalmartAutomation.SignOutTest" tests="1" failures="0" timestamp="6 Mar 2021 07:33:23 GMT" time="83.319" errors="0">
  <testcase name="logout" time="83.319" classname="com.retail.WalmartAutomation.SignOutTest"/>
</testsuite> <!-- com.retail.WalmartAutomation.SignOutTest -->
